05-Oct-2016 14:08:32.072 INFO [main] org.apache.catalina.startup.VersionLoggerListener.log Server version:        Apache Tomcat/8.0.37
05-Oct-2016 14:08:32.073 INFO [main] org.apache.catalina.startup.VersionLoggerListener.log Server built:          Sep 1 2016 10:01:52 UTC
05-Oct-2016 14:08:32.073 INFO [main] org.apache.catalina.startup.VersionLoggerListener.log Server number:         8.0.37.0
05-Oct-2016 14:08:32.073 INFO [main] org.apache.catalina.startup.VersionLoggerListener.log OS Name:               Linux
05-Oct-2016 14:08:32.073 INFO [main] org.apache.catalina.startup.VersionLoggerListener.log OS Version:            3.16.0-4-amd64
05-Oct-2016 14:08:32.073 INFO [main] org.apache.catalina.startup.VersionLoggerListener.log Architecture:          amd64
05-Oct-2016 14:08:32.073 INFO [main] org.apache.catalina.startup.VersionLoggerListener.log Java Home:             /usr/lib/jvm/jdk-8-oracle-x64/jre
05-Oct-2016 14:08:32.073 INFO [main] org.apache.catalina.startup.VersionLoggerListener.log JVM Version:           1.8.0_92-b14
05-Oct-2016 14:08:32.074 INFO [main] org.apache.catalina.startup.VersionLoggerListener.log JVM Vendor:            Oracle Corporation
05-Oct-2016 14:08:32.074 INFO [main] org.apache.catalina.startup.VersionLoggerListener.log CATALINA_BASE:         /filer/etudiants/g5/l21003949/Documents/git/M2_TPs/JEE/TP3/apache-tomcat-8.0.37
05-Oct-2016 14:08:32.074 INFO [main] org.apache.catalina.startup.VersionLoggerListener.log CATALINA_HOME:         /filer/etudiants/g5/l21003949/Documents/git/M2_TPs/JEE/TP3/apache-tomcat-8.0.37
05-Oct-2016 14:08:32.074 INFO [main] org.apache.catalina.startup.VersionLoggerListener.log Command line argument: -Djava.util.logging.config.file=/filer/etudiants/g5/l21003949/Documents/git/M2_TPs/JEE/TP3/apache-tomcat-8.0.37/conf/logging.properties
05-Oct-2016 14:08:32.074 INFO [main] org.apache.catalina.startup.VersionLoggerListener.log Command line argument: -Djava.util.logging.manager=org.apache.juli.ClassLoaderLogManager
05-Oct-2016 14:08:32.074 INFO [main] org.apache.catalina.startup.VersionLoggerListener.log Command line argument: -Djdk.tls.ephemeralDHKeySize=2048
05-Oct-2016 14:08:32.074 INFO [main] org.apache.catalina.startup.VersionLoggerListener.log Command line argument: -Djava.endorsed.dirs=/filer/etudiants/g5/l21003949/Documents/git/M2_TPs/JEE/TP3/apache-tomcat-8.0.37/endorsed
05-Oct-2016 14:08:32.074 INFO [main] org.apache.catalina.startup.VersionLoggerListener.log Command line argument: -Dcatalina.base=/filer/etudiants/g5/l21003949/Documents/git/M2_TPs/JEE/TP3/apache-tomcat-8.0.37
05-Oct-2016 14:08:32.074 INFO [main] org.apache.catalina.startup.VersionLoggerListener.log Command line argument: -Dcatalina.home=/filer/etudiants/g5/l21003949/Documents/git/M2_TPs/JEE/TP3/apache-tomcat-8.0.37
05-Oct-2016 14:08:32.074 INFO [main] org.apache.catalina.startup.VersionLoggerListener.log Command line argument: -Djava.io.tmpdir=/filer/etudiants/g5/l21003949/Documents/git/M2_TPs/JEE/TP3/apache-tomcat-8.0.37/temp
05-Oct-2016 14:08:32.075 INFO [main] org.apache.catalina.core.AprLifecycleListener.lifecycleEvent The APR based Apache Tomcat Native library which allows optimal performance in production environments was not found on the java.library.path: /usr/java/packages/lib/amd64:/usr/lib64:/lib64:/lib:/usr/lib
05-Oct-2016 14:08:32.189 INFO [main] org.apache.coyote.AbstractProtocol.init Initializing ProtocolHandler ["http-nio-8080"]
05-Oct-2016 14:08:32.200 INFO [main] org.apache.tomcat.util.net.NioSelectorPool.getSharedSelector Using a shared selector for servlet write/read
05-Oct-2016 14:08:32.202 INFO [main] org.apache.coyote.AbstractProtocol.init Initializing ProtocolHandler ["ajp-nio-8009"]
05-Oct-2016 14:08:32.203 INFO [main] org.apache.tomcat.util.net.NioSelectorPool.getSharedSelector Using a shared selector for servlet write/read
05-Oct-2016 14:08:32.204 INFO [main] org.apache.catalina.startup.Catalina.load Initialization processed in 437 ms
05-Oct-2016 14:08:32.226 INFO [main] org.apache.catalina.core.StandardService.startInternal Démarrage du service Catalina
05-Oct-2016 14:08:32.226 INFO [main] org.apache.catalina.core.StandardEngine.startInternal Starting Servlet Engine: Apache Tomcat/8.0.37
05-Oct-2016 14:08:32.237 INFO [localhost-startStop-1] org.apache.catalina.startup.HostConfig.deployDirectory Déploiement du répertoire /filer/etudiants/g5/l21003949/Documents/git/M2_TPs/JEE/TP3/apache-tomcat-8.0.37/webapps/ROOT de l'application web
05-Oct-2016 14:08:32.505 INFO [localhost-startStop-1] org.apache.catalina.startup.HostConfig.deployDirectory Deployment of web application directory /filer/etudiants/g5/l21003949/Documents/git/M2_TPs/JEE/TP3/apache-tomcat-8.0.37/webapps/ROOT has finished in 267 ms
05-Oct-2016 14:08:32.505 INFO [localhost-startStop-1] org.apache.catalina.startup.HostConfig.deployDirectory Déploiement du répertoire /filer/etudiants/g5/l21003949/Documents/git/M2_TPs/JEE/TP3/apache-tomcat-8.0.37/webapps/docs de l'application web
05-Oct-2016 14:08:32.543 INFO [localhost-startStop-1] org.apache.catalina.startup.HostConfig.deployDirectory Deployment of web application directory /filer/etudiants/g5/l21003949/Documents/git/M2_TPs/JEE/TP3/apache-tomcat-8.0.37/webapps/docs has finished in 38 ms
05-Oct-2016 14:08:32.543 INFO [localhost-startStop-1] org.apache.catalina.startup.HostConfig.deployDirectory Déploiement du répertoire /filer/etudiants/g5/l21003949/Documents/git/M2_TPs/JEE/TP3/apache-tomcat-8.0.37/webapps/examples de l'application web
05-Oct-2016 14:08:32.901 INFO [localhost-startStop-1] org.apache.catalina.startup.HostConfig.deployDirectory Deployment of web application directory /filer/etudiants/g5/l21003949/Documents/git/M2_TPs/JEE/TP3/apache-tomcat-8.0.37/webapps/examples has finished in 358 ms
05-Oct-2016 14:08:32.901 INFO [localhost-startStop-1] org.apache.catalina.startup.HostConfig.deployDirectory Déploiement du répertoire /filer/etudiants/g5/l21003949/Documents/git/M2_TPs/JEE/TP3/apache-tomcat-8.0.37/webapps/host-manager de l'application web
05-Oct-2016 14:08:32.931 INFO [localhost-startStop-1] org.apache.catalina.startup.HostConfig.deployDirectory Deployment of web application directory /filer/etudiants/g5/l21003949/Documents/git/M2_TPs/JEE/TP3/apache-tomcat-8.0.37/webapps/host-manager has finished in 30 ms
05-Oct-2016 14:08:32.931 INFO [localhost-startStop-1] org.apache.catalina.startup.HostConfig.deployDirectory Déploiement du répertoire /filer/etudiants/g5/l21003949/Documents/git/M2_TPs/JEE/TP3/apache-tomcat-8.0.37/webapps/manager de l'application web
05-Oct-2016 14:08:32.958 INFO [localhost-startStop-1] org.apache.catalina.startup.HostConfig.deployDirectory Deployment of web application directory /filer/etudiants/g5/l21003949/Documents/git/M2_TPs/JEE/TP3/apache-tomcat-8.0.37/webapps/manager has finished in 27 ms
05-Oct-2016 14:08:32.961 INFO [main] org.apache.coyote.AbstractProtocol.start Starting ProtocolHandler ["http-nio-8080"]
05-Oct-2016 14:08:32.965 INFO [main] org.apache.coyote.AbstractProtocol.start Starting ProtocolHandler ["ajp-nio-8009"]
05-Oct-2016 14:08:32.967 INFO [main] org.apache.catalina.startup.Catalina.start Server startup in 763 ms
05-Oct-2016 14:13:13.366 INFO [main] org.apache.catalina.core.StandardServer.await A valid shutdown command was received via the shutdown port. Stopping the Server instance.
05-Oct-2016 14:13:13.366 INFO [main] org.apache.coyote.AbstractProtocol.pause Pausing ProtocolHandler ["http-nio-8080"]
05-Oct-2016 14:13:13.418 INFO [main] org.apache.coyote.AbstractProtocol.pause Pausing ProtocolHandler ["ajp-nio-8009"]
05-Oct-2016 14:13:13.469 INFO [main] org.apache.catalina.core.StandardService.stopInternal Arrêt du service Catalina
05-Oct-2016 14:13:13.510 INFO [main] org.apache.coyote.AbstractProtocol.stop Stopping ProtocolHandler ["http-nio-8080"]
05-Oct-2016 14:13:13.606 INFO [main] org.apache.coyote.AbstractProtocol.stop Stopping ProtocolHandler ["ajp-nio-8009"]
05-Oct-2016 14:13:13.607 INFO [main] org.apache.coyote.AbstractProtocol.destroy Destroying ProtocolHandler ["http-nio-8080"]
05-Oct-2016 14:13:13.607 INFO [main] org.apache.coyote.AbstractProtocol.destroy Destroying ProtocolHandler ["ajp-nio-8009"]
